app/build/outputs/logs/manifest-merger-debug-report.txt
-- Merging decision tree log ---
manifest
ADDED from src/main/AndroidManifest.xml:2:1-60:12
	package
		ADDED from src/main/AndroidManifest.xml:3:3-32
		INJECTED from src/main/AndroidManifest.xml
		INJECTED from src/main/AndroidManifest.xml
	android:versionName
		ADDED from src/main/AndroidManifest.xml:5:3-31
		INJECTED from src/main/AndroidManifest.xml
		INJECTED from src/main/AndroidManifest.xml
	android:versionCode
		ADDED from src/main/AndroidManifest.xml:4:3-26
		INJECTED from src/main/AndroidManifest.xml
		INJECTED from src/main/AndroidManifest.xml
	xmlns:android
		ADDED from src/main/AndroidManifest.xml:2:11-69
uses-sdk
ADDED from src/main/AndroidManifest.xml:7:3-9:36
MERGED from [com.android.support:support-v4:22.0.0] AndroidManifest.xml:20:5-43
MERGED from [com.google.android.gms:play-services-maps:7.0.0] AndroidManifest.xml:18:5-42
MERGED from [com.google.android.gms:play-services-base:7.0.0] AndroidManifest.xml:18:5-42
MERGED from [com.android.support:support-v4:22.0.0] AndroidManifest.xml:20:5-43
	android:targetSdkVersion
		ADDED from src/main/AndroidManifest.xml:9:5-34
		INJECTED from src/main/AndroidManifest.xml
		INJECTED from src/main/AndroidManifest.xml
	android:minSdkVersion
		ADDED from src/main/AndroidManifest.xml:8:5-30
		INJECTED from src/main/AndroidManifest.xml
		INJECTED from src/main/AndroidManifest.xml
uses-permission#android.permission.ACCESS_NETWORK_STATE
ADDED from src/main/AndroidManifest.xml:10:3-76
	android:name
		ADDED from src/main/AndroidManifest.xml:10:20-74
uses-permission#android.permission.INTERNET
ADDED from src/main/AndroidManifest.xml:11:3-64
	android:name
		ADDED from src/main/AndroidManifest.xml:11:20-62
uses-permission#android.permission.WRITE_EXTERNAL_STORAGE
ADDED from src/main/AndroidManifest.xml:13:3-78
	android:name
		ADDED from src/main/AndroidManifest.xml:13:20-76
uses-permission#android.permission.ACCESS_COARSE_LOCATION
ADDED from src/main/AndroidManifest.xml:15:3-78
	android:name
		ADDED from src/main/AndroidManifest.xml:15:20-76
uses-permission#android.permission.ACCESS_FINE_LOCATION
ADDED from src/main/AndroidManifest.xml:16:3-76
	android:name
		ADDED from src/main/AndroidManifest.xml:16:20-74
uses-permission#android.permission.CALL_PHONE
ADDED from src/main/AndroidManifest.xml:17:4-67
	android:name
		ADDED from src/main/AndroidManifest.xml:17:21-65
uses-permission#android.permission.INTERACT_ACROSS_USERS_FULL
ADDED from src/main/AndroidManifest.xml:18:4-83
	android:name
		ADDED from src/main/AndroidManifest.xml:18:21-81
uses-feature#0x00020000
ADDED from src/main/AndroidManifest.xml:20:3-22:30
	android:glEsVersion
		ADDED from src/main/AndroidManifest.xml:21:5-37
	android:required
		ADDED from src/main/AndroidManifest.xml:22:5-28
application
ADDED from src/main/AndroidManifest.xml:24:3-59:17
MERGED from [com.android.support:support-v4:22.0.0] AndroidManifest.xml:22:5-20
MERGED from [com.google.android.gms:play-services-maps:7.0.0] AndroidManifest.xml:19:5-20
MERGED from [com.google.android.gms:play-services-base:7.0.0] AndroidManifest.xml:20:5-24:19
MERGED from [com.android.support:support-v4:22.0.0] AndroidManifest.xml:22:5-20
	android:label
		ADDED from src/main/AndroidManifest.xml:26:5-39
	android:hardwareAccelerated
		ADDED from src/main/AndroidManifest.xml:27:5-39
	android:icon
		ADDED from src/main/AndroidManifest.xml:25:5-41
meta-data#com.google.android.maps.v2.API_KEY
ADDED from src/main/AndroidManifest.xml:33:5-34:62
	android:value
		ADDED from src/main/AndroidManifest.xml:34:5-60
	android:name
		ADDED from src/main/AndroidManifest.xml:33:16-65
meta-data#com.google.android.gms.version
ADDED from src/main/AndroidManifest.xml:35:5-37:69
MERGED from [com.google.android.gms:play-services-base:7.0.0] AndroidManifest.xml:21:9-23:69
	android:value
		ADDED from src/main/AndroidManifest.xml:37:13-66
	android:name
		ADDED from src/main/AndroidManifest.xml:36:13-58
activity#com.example.mapdemo.DisplayAnimation
ADDED from src/main/AndroidManifest.xml:38:5-44:16
	android:screenOrientation
		ADDED from src/main/AndroidManifest.xml:39:9-45
	android:name
		ADDED from src/main/AndroidManifest.xml:38:15-46
intent-filter#android.intent.action.MAIN+android.intent.category.LAUNCHER
ADDED from src/main/AndroidManifest.xml:40:7-43:23
action#android.intent.action.MAIN
ADDED from src/main/AndroidManifest.xml:41:9-60
	android:name
		ADDED from src/main/AndroidManifest.xml:41:17-58
category#android.intent.category.LAUNCHER
ADDED from src/main/AndroidManifest.xml:42:9-68
	android:name
		ADDED from src/main/AndroidManifest.xml:42:19-66
activity#com.example.mapdemo.BasicMapDemoActivity
ADDED from src/main/AndroidManifest.xml:46:5-53:16
	android:screenOrientation
		ADDED from src/main/AndroidManifest.xml:47:7-43
	android:label
		ADDED from src/main/AndroidManifest.xml:48:7-51
	android:name
		ADDED from src/main/AndroidManifest.xml:46:15-51
intent-filter#android.intent.action.BasicMapDemoActivity+android.intent.category.DEFAULT
ADDED from src/main/AndroidManifest.xml:49:7-52:23
action#android.intent.action.BasicMapDemoActivity
ADDED from src/main/AndroidManifest.xml:50:9-76
	android:name
		ADDED from src/main/AndroidManifest.xml:50:17-74
category#android.intent.category.DEFAULT
ADDED from src/main/AndroidManifest.xml:51:9-67
	android:name
		ADDED from src/main/AndroidManifest.xml:51:19-65
activity#com.example.mapdemo.SettingsActivity
ADDED from src/main/AndroidManifest.xml:55:5-87
	android:screenOrientation
		ADDED from src/main/AndroidManifest.xml:55:48-84
	android:name
		ADDED from src/main/AndroidManifest.xml:55:15-46
activity#com.example.mapdemo.MenuChoiceScreen
ADDED from src/main/AndroidManifest.xml:56:5-87
	android:screenOrientation
		ADDED from src/main/AndroidManifest.xml:56:48-84
	android:name
		ADDED from src/main/AndroidManifest.xml:56:15-46
activity#com.example.mapdemo.LiteListDemoActivity
ADDED from src/main/AndroidManifest.xml:57:5-91
	android:screenOrientation
		ADDED from src/main/AndroidManifest.xml:57:52-88
	android:name
		ADDED from src/main/AndroidManifest.xml:57:15-50